<?xml version="1.0" encoding="UTF-8"?>
<!-- Generated by org.testng.reporters.JUnitReportReporter -->
<testsuite skipped="0" hostname="Neses-MBP.home" name="Tests.MainPageTest" tests="2" failures="0" timestamp="24 Mar 2020 00:48:23 GMT" time="17.251" errors="0">
  <testcase name="verifyHomePageTitle" time="2.560" classname="Tests.MainPageTest"/>
  <testcase name="getReservationDetails" time="14.691" classname="Tests.MainPageTest"/>
</testsuite> <!-- Tests.MainPageTest -->
