<?xml version="1.0" encoding="UTF-8"?>
<!-- Generated by org.testng.reporters.JUnitReportReporter -->
<testsuite skipped="0" hostname="Neses-MBP.home" name="Tests.SearchPageTest" tests="5" failures="0" timestamp="24 Mar 2020 00:49:44 GMT" time="72.141" errors="0">
  <testcase name="selectHotelCloserThanTenMile" time="16.713" classname="Tests.SearchPageTest"/>
  <testcase name="verifySecondPageTitle" time="13.064" classname="Tests.SearchPageTest"/>
  <testcase name="fiveStarCloserThanTenMile" time="13.990" classname="Tests.SearchPageTest"/>
  <testcase name="fourStarCloserThanTenMiles" time="14.679" classname="Tests.SearchPageTest"/>
  <testcase name="threeStarCloserThanTenMile" time="13.695" classname="Tests.SearchPageTest"/>
</testsuite> <!-- Tests.SearchPageTest -->
